<?xml version="1.0" encoding="UTF-8" ?>
<testsuite errors="0" failures="0" hostname="LucianoNotebook" name="fiuba.algo3.unit.PersonajeNovatoTest" skipped="0" tests="3" time="0.005" timestamp="2014-07-02T16:08:11">
  <properties>
[...]
</properties>
  <testcase classname="fiuba.algo3.unit.PersonajeNovatoTest" name="deberiaDevolverHorasLimiteCorrectas" time="0.001" />
  <testcase classname="fiuba.algo3.unit.PersonajeNovatoTest" name="deberiaDevolverHorasRestantesCorrectas" time="0.001" />
  <testcase classname="fiuba.algo3.unit.PersonajeNovatoTest" name="deberiaDevolverUbicacionCorrecta" time="0.0" />
  <system-out><![CDATA[]]></system-out>
  <system-err><![CDATA[]]></system-err>
</testsuite>
